<?xml version="1.0" encoding="UTF-8"?>
<testsuites name="Mocha Tests" time="50.762" tests="1" failures="0">
  <testsuite name="Root Suite" timestamp="2025-04-16T13:15:13" tests="0" file="cypress\e2e\login.cy.js" time="0.000" failures="0">
  </testsuite>
  <testsuite name="Login Page Tests" timestamp="2025-04-16T13:15:13" tests="1" time="50.758" failures="0">
    <testcase name="Login Page Tests should login into the application" time="49.059" classname="should login into the application">
    </testcase>
  </testsuite>
</testsuites>